[ 2016-10-07T19:43:05+08:00 ] /oa.php | INFO: Tag[ app_begin ] --START--
[ 2016-10-07T19:43:05+08:00 ] /oa.php | INFO: Run ReadHtmlCache Behavior [ RunTime:0.000054s ]
[ 2016-10-07T19:43:05+08:00 ] /oa.php | INFO: Tag[ app_begin ] --END-- [ RunTime:0.000133s ]
[ 2016-10-07T19:43:05+08:00 ] /oa.php | SQL: SHOW COLUMNS FROM `march_user_info` [ RunTime:0.000319s ]
[ 2016-10-07T19:43:05+08:00 ] /oa.php | NOTIC: [8192] preg_replace(): The /e modifier is deprecated, use preg_replace_callback instead Db.class.php 第 660 行.
[ 2016-10-07T19:43:05+08:00 ] /oa.php | SQL: SELECT * FROM `march_user_info` WHERE user_phone=15225961831 LIMIT 1   [ RunTime:0.000178s ]
[ 2016-10-07T19:43:05+08:00 ] /oa.php | SQL: SHOW COLUMNS FROM `march_news` [ RunTime:0.000273s ]
[ 2016-10-07T19:43:05+08:00 ] /oa.php | NOTIC: [8192] preg_replace(): The /e modifier is deprecated, use preg_replace_callback instead Db.class.php 第 660 行.
[ 2016-10-07T19:43:05+08:00 ] /oa.php | SQL: SELECT * FROM `march_news` WHERE ( `news_type` = 2 ) AND ( `news_date` LIKE '2016-10-07%' ) ORDER BY idmarch_news desc  [ RunTime:0.000357s ]
[ 2016-10-07T19:43:05+08:00 ] /oa.php | NOTIC: [8192] preg_replace(): The /e modifier is deprecated, use preg_replace_callback instead Db.class.php 第 660 行.
[ 2016-10-07T19:43:05+08:00 ] /oa.php | SQL: SELECT COUNT(*) AS tp_count FROM `march_news` WHERE ( `news_type` = 2 ) AND ( `news_date` LIKE '2016-10-07%' ) LIMIT 1   [ RunTime:0.000292s ]
[ 2016-10-07T19:43:05+08:00 ] /oa.php | SQL: SHOW COLUMNS FROM `march_notice` [ RunTime:0.000481s ]
[ 2016-10-07T19:43:05+08:00 ] /oa.php | NOTIC: [8192] preg_replace(): The /e modifier is deprecated, use preg_replace_callback instead Db.class.php 第 660 行.
[ 2016-10-07T19:43:05+08:00 ] /oa.php | SQL: SELECT COUNT(*) AS tp_count FROM `march_notice` WHERE ( `date` LIKE '2016-10-07%' ) AND ( `user_id` = '176' ) LIMIT 1   [ RunTime:0.000187s ]
[ 2016-10-07T19:43:05+08:00 ] /oa.php | NOTIC: [8192] preg_replace(): The /e modifier is deprecated, use preg_replace_callback instead Db.class.php 第 660 行.
[ 2016-10-07T19:43:05+08:00 ] /oa.php | SQL: SELECT COUNT(*) AS tp_count FROM `march_news` WHERE ( `news_type` = 2 ) AND ( `news_date` LIKE '2016-10-08%' ) LIMIT 1   [ RunTime:0.000168s ]
[ 2016-10-07T19:43:05+08:00 ] /oa.php | NOTIC: [8192] preg_replace(): The /e modifier is deprecated, use preg_replace_callback instead Db.class.php 第 660 行.
[ 2016-10-07T19:43:05+08:00 ] /oa.php | SQL: SELECT COUNT(*) AS tp_count FROM `march_notice` WHERE ( `date` LIKE '2016-10-08%' ) AND ( `user_id` = '176' ) LIMIT 1   [ RunTime:0.000107s ]
[ 2016-10-07T19:43:05+08:00 ] /oa.php | NOTIC: [8192] preg_replace(): The /e modifier is deprecated, use preg_replace_callback instead Db.class.php 第 660 行.
[ 2016-10-07T19:43:05+08:00 ] /oa.php | SQL: SELECT COUNT(*) AS tp_count FROM `march_news` WHERE ( `news_type` = 2 ) AND ( `news_date` LIKE '2016-10-09%' ) LIMIT 1   [ RunTime:0.000186s ]
[ 2016-10-07T19:43:05+08:00 ] /oa.php | NOTIC: [8192] preg_replace(): The /e modifier is deprecated, use preg_replace_callback instead Db.class.php 第 660 行.
[ 2016-10-07T19:43:05+08:00 ] /oa.php | SQL: SELECT COUNT(*) AS tp_count FROM `march_notice` WHERE ( `date` LIKE '2016-10-09%' ) AND ( `user_id` = '176' ) LIMIT 1   [ RunTime:0.000099s ]
[ 2016-10-07T19:43:05+08:00 ] /oa.php | NOTIC: [8192] preg_replace(): The /e modifier is deprecated, use preg_replace_callback instead Db.class.php 第 660 行.
[ 2016-10-07T19:43:05+08:00 ] /oa.php | SQL: SELECT COUNT(*) AS tp_count FROM `march_news` WHERE ( `news_type` = 2 ) AND ( `news_date` LIKE '2016-10-10%' ) LIMIT 1   [ RunTime:0.000147s ]
[ 2016-10-07T19:43:05+08:00 ] /oa.php | NOTIC: [8192] preg_replace(): The /e modifier is deprecated, use preg_replace_callback instead Db.class.php 第 660 行.
[ 2016-10-07T19:43:05+08:00 ] /oa.php | SQL: SELECT COUNT(*) AS tp_count FROM `march_notice` WHERE ( `date` LIKE '2016-10-10%' ) AND ( `user_id` = '176' ) LIMIT 1   [ RunTime:0.000119s ]
[ 2016-10-07T19:43:05+08:00 ] /oa.php | NOTIC: [8192] preg_replace(): The /e modifier is deprecated, use preg_replace_callback instead Db.class.php 第 660 行.
[ 2016-10-07T19:43:05+08:00 ] /oa.php | SQL: SELECT COUNT(*) AS tp_count FROM `march_news` WHERE ( `news_type` = 2 ) AND ( `news_date` LIKE '2016-10-11%' ) LIMIT 1   [ RunTime:0.000160s ]
[ 2016-10-07T19:43:05+08:00 ] /oa.php | NOTIC: [8192] preg_replace(): The /e modifier is deprecated, use preg_replace_callback instead Db.class.php 第 660 行.
[ 2016-10-07T19:43:05+08:00 ] /oa.php | SQL: SELECT COUNT(*) AS tp_count FROM `march_notice` WHERE ( `date` LIKE '2016-10-11%' ) AND ( `user_id` = '176' ) LIMIT 1   [ RunTime:0.000095s ]
[ 2016-10-07T19:43:05+08:00 ] /oa.php | NOTIC: [8192] preg_replace(): The /e modifier is deprecated, use preg_replace_callback instead Db.class.php 第 660 行.
[ 2016-10-07T19:43:05+08:00 ] /oa.php | SQL: SELECT COUNT(*) AS tp_count FROM `march_news` WHERE ( `news_type` = 2 ) AND ( `news_date` LIKE '2016-10-12%' ) LIMIT 1   [ RunTime:0.000139s ]
[ 2016-10-07T19:43:05+08:00 ] /oa.php | NOTIC: [8192] preg_replace(): The /e modifier is deprecated, use preg_replace_callback instead Db.class.php 第 660 行.
[ 2016-10-07T19:43:05+08:00 ] /oa.php | SQL: SELECT COUNT(*) AS tp_count FROM `march_notice` WHERE ( `date` LIKE '2016-10-12%' ) AND ( `user_id` = '176' ) LIMIT 1   [ RunTime:0.000097s ]
[ 2016-10-07T19:43:05+08:00 ] /oa.php | NOTIC: [8192] preg_replace(): The /e modifier is deprecated, use preg_replace_callback instead Db.class.php 第 660 行.
[ 2016-10-07T19:43:05+08:00 ] /oa.php | SQL: SELECT COUNT(*) AS tp_count FROM `march_news` WHERE ( `news_type` = 2 ) AND ( `news_date` LIKE '2016-10-13%' ) LIMIT 1   [ RunTime:0.000188s ]
[ 2016-10-07T19:43:05+08:00 ] /oa.php | NOTIC: [8192] preg_replace(): The /e modifier is deprecated, use preg_replace_callback instead Db.class.php 第 660 行.
[ 2016-10-07T19:43:05+08:00 ] /oa.php | SQL: SELECT COUNT(*) AS tp_count FROM `march_notice` WHERE ( `date` LIKE '2016-10-13%' ) AND ( `user_id` = '176' ) LIMIT 1   [ RunTime:0.000186s ]
[ 2016-10-07T19:43:05+08:00 ] /oa.php | SQL: select cl.*,co.* FROM march_user co
				left join march_course cl on  cl.user_phone = co.user_phone
				where co.user_phone=15225961831 [ RunTime:0.000262s ]
[ 2016-10-07T19:43:05+08:00 ] /oa.php | NOTIC: [8] Undefined offset: 1 CourseAction.class.php 第 17 行.
[ 2016-10-07T19:43:05+08:00 ] /oa.php | NOTIC: [8] Undefined offset: 2 CourseAction.class.php 第 17 行.
[ 2016-10-07T19:43:05+08:00 ] /oa.php | NOTIC: [8] Undefined offset: 3 CourseAction.class.php 第 17 行.
[ 2016-10-07T19:43:05+08:00 ] /oa.php | NOTIC: [8] Undefined offset: 4 CourseAction.class.php 第 17 行.
[ 2016-10-07T19:43:05+08:00 ] /oa.php | NOTIC: [8] Undefined offset: 1 CourseAction.class.php 第 17 行.
[ 2016-10-07T19:43:05+08:00 ] /oa.php | NOTIC: [8] Undefined offset: 2 CourseAction.class.php 第 17 行.
[ 2016-10-07T19:43:05+08:00 ] /oa.php | NOTIC: [8] Undefined offset: 3 CourseAction.class.php 第 17 行.
[ 2016-10-07T19:43:05+08:00 ] /oa.php | NOTIC: [8] Undefined offset: 4 CourseAction.class.php 第 17 行.
[ 2016-10-07T19:43:05+08:00 ] /oa.php | NOTIC: [8] Undefined offset: 1 CourseAction.class.php 第 17 行.
[ 2016-10-07T19:43:05+08:00 ] /oa.php | NOTIC: [8] Undefined offset: 2 CourseAction.class.php 第 17 行.
[ 2016-10-07T19:43:05+08:00 ] /oa.php | NOTIC: [8] Undefined offset: 3 CourseAction.class.php 第 17 行.
[ 2016-10-07T19:43:05+08:00 ] /oa.php | NOTIC: [8] Undefined offset: 4 CourseAction.class.php 第 17 行.
[ 2016-10-07T19:43:05+08:00 ] /oa.php | NOTIC: [8] Undefined offset: 1 CourseAction.class.php 第 17 行.
[ 2016-10-07T19:43:05+08:00 ] /oa.php | NOTIC: [8] Undefined offset: 2 CourseAction.class.php 第 17 行.
[ 2016-10-07T19:43:05+08:00 ] /oa.php | NOTIC: [8] Undefined offset: 3 CourseAction.class.php 第 17 行.
[ 2016-10-07T19:43:05+08:00 ] /oa.php | NOTIC: [8] Undefined offset: 4 CourseAction.class.php 第 17 行.
[ 2016-10-07T19:43:05+08:00 ] /oa.php | NOTIC: [8] Undefined offset: 1 CourseAction.class.php 第 17 行.
[ 2016-10-07T19:43:05+08:00 ] /oa.php | NOTIC: [8] Undefined offset: 2 CourseAction.class.php 第 17 行.
[ 2016-10-07T19:43:05+08:00 ] /oa.php | NOTIC: [8] Undefined offset: 3 CourseAction.class.php 第 17 行.
[ 2016-10-07T19:43:05+08:00 ] /oa.php | NOTIC: [8] Undefined offset: 4 CourseAction.class.php 第 17 行.
[ 2016-10-07T19:43:05+08:00 ] /oa.php | NOTIC: [8] Undefined offset: 5 CourseAction.class.php 第 17 行.
[ 2016-10-07T19:43:05+08:00 ] /oa.php | NOTIC: [8] Undefined offset: 5 CourseAction.class.php 第 17 行.
[ 2016-10-07T19:43:05+08:00 ] /oa.php | NOTIC: [8] Undefined offset: 5 CourseAction.class.php 第 17 行.
[ 2016-10-07T19:43:05+08:00 ] /oa.php | NOTIC: [8] Undefined offset: 5 CourseAction.class.php 第 17 行.
[ 2016-10-07T19:43:05+08:00 ] /oa.php | NOTIC: [8] Undefined offset: 5 CourseAction.class.php 第 17 行.
[ 2016-10-07T19:43:05+08:00 ] /oa.php | NOTIC: [8] Undefined offset: 6 CourseAction.class.php 第 17 行.
[ 2016-10-07T19:43:05+08:00 ] /oa.php | NOTIC: [8] Undefined offset: 6 CourseAction.class.php 第 17 行.
[ 2016-10-07T19:43:05+08:00 ] /oa.php | NOTIC: [8] Undefined offset: 6 CourseAction.class.php 第 17 行.
[ 2016-10-07T19:43:05+08:00 ] /oa.php | NOTIC: [8] Undefined offset: 6 CourseAction.class.php 第 17 行.
[ 2016-10-07T19:43:05+08:00 ] /oa.php | NOTIC: [8] Undefined offset: 6 CourseAction.class.php 第 17 行.
[ 2016-10-07T19:43:05+08:00 ] /oa.php | INFO: Tag[ view_template ] --START--
[ 2016-10-07T19:43:05+08:00 ] /oa.php | INFO: Run LocationTemplate Behavior [ RunTime:0.000243s ]
[ 2016-10-07T19:43:05+08:00 ] /oa.php | INFO: Tag[ view_template ] --END-- [ RunTime:0.000299s ]
[ 2016-10-07T19:43:05+08:00 ] /oa.php | INFO: Tag[ view_parse ] --START--
[ 2016-10-07T19:43:05+08:00 ] /oa.php | NOTIC: [8192] preg_replace(): The /e modifier is deprecated, use preg_replace_callback instead ThinkTemplate.class.php 第 186 行.
[ 2016-10-07T19:43:05+08:00 ] /oa.php | NOTIC: [8192] preg_replace(): The /e modifier is deprecated, use preg_replace_callback instead ThinkTemplate.class.php 第 406 行.
[ 2016-10-07T19:43:05+08:00 ] /oa.php | NOTIC: [8192] preg_replace(): The /e modifier is deprecated, use preg_replace_callback instead ThinkTemplate.class.php 第 406 行.
[ 2016-10-07T19:43:05+08:00 ] /oa.php | NOTIC: [8192] preg_replace(): The /e modifier is deprecated, use preg_replace_callback instead ThinkTemplate.class.php 第 406 行.
[ 2016-10-07T19:43:05+08:00 ] /oa.php | NOTIC: [8192] preg_replace(): The /e modifier is deprecated, use preg_replace_callback instead ThinkTemplate.class.php 第 406 行.
[ 2016-10-07T19:43:05+08:00 ] /oa.php | NOTIC: [8192] preg_replace(): The /e modifier is deprecated, use preg_replace_callback instead ThinkTemplate.class.php 第 406 行.
[ 2016-10-07T19:43:05+08:00 ] /oa.php | NOTIC: [8192] preg_replace(): The /e modifier is deprecated, use preg_replace_callback instead ThinkTemplate.class.php 第 186 行.
[ 2016-10-07T19:43:05+08:00 ] /oa.php | NOTIC: [8192] preg_replace(): The /e modifier is deprecated, use preg_replace_callback instead ThinkTemplate.class.php 第 406 行.
[ 2016-10-07T19:43:05+08:00 ] /oa.php | NOTIC: [8192] preg_replace(): The /e modifier is deprecated, use preg_replace_callback instead ThinkTemplate.class.php 第 406 行.
[ 2016-10-07T19:43:05+08:00 ] /oa.php | NOTIC: [8192] preg_replace(): The /e modifier is deprecated, use preg_replace_callback instead ThinkTemplate.class.php 第 406 行.
[ 2016-10-07T19:43:05+08:00 ] /oa.php | NOTIC: [8192] preg_replace(): The /e modifier is deprecated, use preg_replace_callback instead ThinkTemplate.class.php 第 406 行.
[ 2016-10-07T19:43:05+08:00 ] /oa.php | NOTIC: [8192] preg_replace(): The /e modifier is deprecated, use preg_replace_callback instead ThinkTemplate.class.php 第 406 行.
[ 2016-10-07T19:43:05+08:00 ] /oa.php | NOTIC: [8192] preg_replace(): The /e modifier is deprecated, use preg_replace_callback instead ThinkTemplate.class.php 第 406 行.
[ 2016-10-07T19:43:05+08:00 ] /oa.php | NOTIC: [8192] preg_replace(): The /e modifier is deprecated, use preg_replace_callback instead ThinkTemplate.class.php 第 406 行.
[ 2016-10-07T19:43:05+08:00 ] /oa.php | NOTIC: [8192] preg_replace(): The /e modifier is deprecated, use preg_replace_callback instead ThinkTemplate.class.php 第 406 行.
[ 2016-10-07T19:43:05+08:00 ] /oa.php | NOTIC: [8192] preg_replace(): The /e modifier is deprecated, use preg_replace_callback instead ThinkTemplate.class.php 第 406 行.
[ 2016-10-07T19:43:05+08:00 ] /oa.php | NOTIC: [8192] preg_replace(): The /e modifier is deprecated, use preg_replace_callback instead ThinkTemplate.class.php 第 402 行.
[ 2016-10-07T19:43:05+08:00 ] /oa.php | NOTIC: [8192] preg_replace(): The /e modifier is deprecated, use preg_replace_callback instead ThinkTemplate.class.php 第 402 行.
[ 2016-10-07T19:43:05+08:00 ] /oa.php | NOTIC: [8192] preg_replace(): The /e modifier is deprecated, use preg_replace_callback instead ThinkTemplate.class.php 第 406 行.
[ 2016-10-07T19:43:05+08:00 ] /oa.php | NOTIC: [8192] preg_replace(): The /e modifier is deprecated, use preg_replace_callback instead ThinkTemplate.class.php 第 406 行.
[ 2016-10-07T19:43:05+08:00 ] /oa.php | NOTIC: [8192] preg_replace(): The /e modifier is deprecated, use preg_replace_callback instead ThinkTemplate.class.php 第 406 行.
[ 2016-10-07T19:43:05+08:00 ] /oa.php | NOTIC: [8192] preg_replace(): The /e modifier is deprecated, use preg_replace_callback instead ThinkTemplate.class.php 第 402 行.
[ 2016-10-07T19:43:05+08:00 ] /oa.php | NOTIC: [8192] preg_replace(): The /e modifier is deprecated, use preg_replace_callback instead ThinkTemplate.class.php 第 406 行.
[ 2016-10-07T19:43:05+08:00 ] /oa.php | NOTIC: [8192] preg_replace(): The /e modifier is deprecated, use preg_replace_callback instead ThinkTemplate.class.php 第 406 行.
[ 2016-10-07T19:43:05+08:00 ] /oa.php | NOTIC: [8192] preg_replace(): The /e modifier is deprecated, use preg_replace_callback instead ThinkTemplate.class.php 第 406 行.
[ 2016-10-07T19:43:05+08:00 ] /oa.php | NOTIC: [8192] preg_replace(): The /e modifier is deprecated, use preg_replace_callback instead ThinkTemplate.class.php 第 406 行.
[ 2016-10-07T19:43:05+08:00 ] /oa.php | NOTIC: [8192] preg_replace(): The /e modifier is deprecated, use preg_replace_callback instead ThinkTemplate.class.php 第 406 行.
[ 2016-10-07T19:43:05+08:00 ] /oa.php | NOTIC: [8192] preg_replace(): The /e modifier is deprecated, use preg_replace_callback instead ThinkTemplate.class.php 第 406 行.
[ 2016-10-07T19:43:05+08:00 ] /oa.php | NOTIC: [8192] preg_replace(): The /e modifier is deprecated, use preg_replace_callback instead ThinkTemplate.class.php 第 406 行.
[ 2016-10-07T19:43:05+08:00 ] /oa.php | NOTIC: [8192] preg_replace(): The /e modifier is deprecated, use preg_replace_callback instead ThinkTemplate.class.php 第 406 行.
[ 2016-10-07T19:43:05+08:00 ] /oa.php | NOTIC: [8192] preg_replace(): The /e modifier is deprecated, use preg_replace_callback instead ThinkTemplate.class.php 第 406 行.
[ 2016-10-07T19:43:05+08:00 ] /oa.php | NOTIC: [8192] preg_replace(): The /e modifier is deprecated, use preg_replace_callback instead ThinkTemplate.class.php 第 406 行.
[ 2016-10-07T19:43:05+08:00 ] /oa.php | NOTIC: [8192] preg_replace(): The /e modifier is deprecated, use preg_replace_callback instead ThinkTemplate.class.php 第 406 行.
[ 2016-10-07T19:43:05+08:00 ] /oa.php | NOTIC: [8192] preg_replace(): The /e modifier is deprecated, use preg_replace_callback instead ThinkTemplate.class.php 第 406 行.
[ 2016-10-07T19:43:05+08:00 ] /oa.php | NOTIC: [8192] preg_replace(): The /e modifier is deprecated, use preg_replace_callback instead ThinkTemplate.class.php 第 406 行.
[ 2016-10-07T19:43:05+08:00 ] /oa.php | NOTIC: [8192] preg_replace(): The /e modifier is deprecated, use preg_replace_callback instead ThinkTemplate.class.php 第 406 行.
[ 2016-10-07T19:43:05+08:00 ] /oa.php | NOTIC: [8192] preg_replace(): The /e modifier is deprecated, use preg_replace_callback instead ThinkTemplate.class.php 第 406 行.
[ 2016-10-07T19:43:05+08:00 ] /oa.php | NOTIC: [8192] preg_replace(): The /e modifier is deprecated, use preg_replace_callback instead ThinkTemplate.class.php 第 406 行.
[ 2016-10-07T19:43:05+08:00 ] /oa.php | NOTIC: [8192] preg_replace(): The /e modifier is deprecated, use preg_replace_callback instead ThinkTemplate.class.php 第 406 行.
[ 2016-10-07T19:43:05+08:00 ] /oa.php | NOTIC: [8192] preg_replace(): The /e modifier is deprecated, use preg_replace_callback instead ThinkTemplate.class.php 第 406 行.
[ 2016-10-07T19:43:05+08:00 ] /oa.php | NOTIC: [8192] preg_replace(): The /e modifier is deprecated, use preg_replace_callback instead ThinkTemplate.class.php 第 406 行.
[ 2016-10-07T19:43:05+08:00 ] /oa.php | NOTIC: [8192] preg_replace(): The /e modifier is deprecated, use preg_replace_callback instead ThinkTemplate.class.php 第 406 行.
[ 2016-10-07T19:43:05+08:00 ] /oa.php | NOTIC: [8192] preg_replace(): The /e modifier is deprecated, use preg_replace_callback instead ThinkTemplate.class.php 第 406 行.
[ 2016-10-07T19:43:05+08:00 ] /oa.php | NOTIC: [8192] preg_replace(): The /e modifier is deprecated, use preg_replace_callback instead ThinkTemplate.class.php 第 406 行.
[ 2016-10-07T19:43:05+08:00 ] /oa.php | NOTIC: [8192] preg_replace(): The /e modifier is deprecated, use preg_replace_callback instead ThinkTemplate.class.php 第 406 行.
[ 2016-10-07T19:43:05+08:00 ] /oa.php | NOTIC: [8192] preg_replace(): The /e modifier is deprecated, use preg_replace_callback instead ThinkTemplate.class.php 第 406 行.
[ 2016-10-07T19:43:05+08:00 ] /oa.php | NOTIC: [8192] preg_replace(): The /e modifier is deprecated, use preg_replace_callback instead ThinkTemplate.class.php 第 406 行.
[ 2016-10-07T19:43:05+08:00 ] /oa.php | NOTIC: [8192] preg_replace(): The /e modifier is deprecated, use preg_replace_callback instead ThinkTemplate.class.php 第 406 行.
[ 2016-10-07T19:43:05+08:00 ] /oa.php | NOTIC: [8192] preg_replace(): The /e modifier is deprecated, use preg_replace_callback instead ThinkTemplate.class.php 第 406 行.
[ 2016-10-07T19:43:05+08:00 ] /oa.php | NOTIC: [8192] preg_replace(): The /e modifier is deprecated, use preg_replace_callback instead ThinkTemplate.class.php 第 406 行.
[ 2016-10-07T19:43:05+08:00 ] /oa.php | NOTIC: [8192] preg_replace(): The /e modifier is deprecated, use preg_replace_callback instead ThinkTemplate.class.php 第 406 行.
[ 2016-10-07T19:43:05+08:00 ] /oa.php | NOTIC: [8192] preg_replace(): The /e modifier is deprecated, use preg_replace_callback instead ThinkTemplate.class.php 第 406 行.
[ 2016-10-07T19:43:05+08:00 ] /oa.php | NOTIC: [8192] preg_replace(): The /e modifier is deprecated, use preg_replace_callback instead ThinkTemplate.class.php 第 406 行.
[ 2016-10-07T19:43:05+08:00 ] /oa.php | NOTIC: [8192] preg_replace(): The /e modifier is deprecated, use preg_replace_callback instead ThinkTemplate.class.php 第 406 行.
[ 2016-10-07T19:43:05+08:00 ] /oa.php | NOTIC: [8192] preg_replace(): The /e modifier is deprecated, use preg_replace_callback instead ThinkTemplate.class.php 第 406 行.
[ 2016-10-07T19:43:05+08:00 ] /oa.php | NOTIC: [8192] preg_replace(): The /e modifier is deprecated, use preg_replace_callback instead ThinkTemplate.class.php 第 406 行.
[ 2016-10-07T19:43:05+08:00 ] /oa.php | NOTIC: [8192] preg_replace(): The /e modifier is deprecated, use preg_replace_callback instead ThinkTemplate.class.php 第 406 行.
[ 2016-10-07T19:43:05+08:00 ] /oa.php | NOTIC: [8192] preg_replace(): The /e modifier is deprecated, use preg_replace_callback instead ThinkTemplate.class.php 第 406 行.
[ 2016-10-07T19:43:05+08:00 ] /oa.php | NOTIC: [8192] preg_replace(): The /e modifier is deprecated, use preg_replace_callback instead ThinkTemplate.class.php 第 406 行.
[ 2016-10-07T19:43:05+08:00 ] /oa.php | NOTIC: [8192] preg_replace(): The /e modifier is deprecated, use preg_replace_callback instead ThinkTemplate.class.php 第 406 行.
[ 2016-10-07T19:43:05+08:00 ] /oa.php | NOTIC: [8192] preg_replace(): The /e modifier is deprecated, use preg_replace_callback instead ThinkTemplate.class.php 第 406 行.
[ 2016-10-07T19:43:05+08:00 ] /oa.php | NOTIC: [8192] preg_replace(): The /e modifier is deprecated, use preg_replace_callback instead ThinkTemplate.class.php 第 406 行.
[ 2016-10-07T19:43:05+08:00 ] /oa.php | NOTIC: [8192] preg_replace(): The /e modifier is deprecated, use preg_replace_callback instead ThinkTemplate.class.php 第 406 行.
[ 2016-10-07T19:43:05+08:00 ] /oa.php | NOTIC: [8192] preg_replace(): The /e modifier is deprecated, use preg_replace_callback instead ThinkTemplate.class.php 第 406 行.
[ 2016-10-07T19:43:05+08:00 ] /oa.php | NOTIC: [8192] preg_replace(): The /e modifier is deprecated, use preg_replace_callback instead ThinkTemplate.class.php 第 406 行.
[ 2016-10-07T19:43:05+08:00 ] /oa.php | NOTIC: [8192] preg_replace(): The /e modifier is deprecated, use preg_replace_callback instead ThinkTemplate.class.php 第 406 行.
[ 2016-10-07T19:43:05+08:00 ] /oa.php | NOTIC: [8192] preg_replace(): The /e modifier is deprecated, use preg_replace_callback instead ThinkTemplate.class.php 第 406 行.
[ 2016-10-07T19:43:05+08:00 ] /oa.php | NOTIC: [8192] preg_replace(): The /e modifier is deprecated, use preg_replace_callback instead ThinkTemplate.class.php 第 406 行.
[ 2016-10-07T19:43:05+08:00 ] /oa.php | NOTIC: [8192] preg_replace(): The /e modifier is deprecated, use preg_replace_callback instead ThinkTemplate.class.php 第 406 行.
[ 2016-10-07T19:43:05+08:00 ] /oa.php | NOTIC: [8192] preg_replace(): The /e modifier is deprecated, use preg_replace_callback instead ThinkTemplate.class.php 第 406 行.
[ 2016-10-07T19:43:05+08:00 ] /oa.php | NOTIC: [8192] preg_replace(): The /e modifier is deprecated, use preg_replace_callback instead ThinkTemplate.class.php 第 406 行.
[ 2016-10-07T19:43:05+08:00 ] /oa.php | NOTIC: [8192] preg_replace(): The /e modifier is deprecated, use preg_replace_callback instead ThinkTemplate.class.php 第 406 行.
[ 2016-10-07T19:43:05+08:00 ] /oa.php | NOTIC: [8192] preg_replace(): The /e modifier is deprecated, use preg_replace_callback instead ThinkTemplate.class.php 第 406 行.
[ 2016-10-07T19:43:05+08:00 ] /oa.php | NOTIC: [8192] preg_replace(): The /e modifier is deprecated, use preg_replace_callback instead ThinkTemplate.class.php 第 406 行.
[ 2016-10-07T19:43:05+08:00 ] /oa.php | NOTIC: [8192] preg_replace(): The /e modifier is deprecated, use preg_replace_callback instead ThinkTemplate.class.php 第 406 行.
[ 2016-10-07T19:43:05+08:00 ] /oa.php | NOTIC: [8192] preg_replace(): The /e modifier is deprecated, use preg_replace_callback instead ThinkTemplate.class.php 第 406 行.
[ 2016-10-07T19:43:05+08:00 ] /oa.php | NOTIC: [8192] preg_replace(): The /e modifier is deprecated, use preg_replace_callback instead ThinkTemplate.class.php 第 406 行.
[ 2016-10-07T19:43:05+08:00 ] /oa.php | NOTIC: [8192] preg_replace(): The /e modifier is deprecated, use preg_replace_callback instead ThinkTemplate.class.php 第 406 行.
[ 2016-10-07T19:43:05+08:00 ] /oa.php | NOTIC: [8192] preg_replace(): The /e modifier is deprecated, use preg_replace_callback instead ThinkTemplate.class.php 第 406 行.
[ 2016-10-07T19:43:05+08:00 ] /oa.php | NOTIC: [8192] preg_replace(): The /e modifier is deprecated, use preg_replace_callback instead ThinkTemplate.class.php 第 406 行.
[ 2016-10-07T19:43:05+08:00 ] /oa.php | NOTIC: [8192] preg_replace(): The /e modifier is deprecated, use preg_replace_callback instead ThinkTemplate.class.php 第 406 行.
[ 2016-10-07T19:43:05+08:00 ] /oa.php | NOTIC: [8192] preg_replace(): The /e modifier is deprecated, use preg_replace_callback instead ThinkTemplate.class.php 第 406 行.
[ 2016-10-07T19:43:05+08:00 ] /oa.php | NOTIC: [8192] preg_replace(): The /e modifier is deprecated, use preg_replace_callback instead ThinkTemplate.class.php 第 406 行.
[ 2016-10-07T19:43:05+08:00 ] /oa.php | NOTIC: [8192] preg_replace(): The /e modifier is deprecated, use preg_replace_callback instead ThinkTemplate.class.php 第 406 行.
[ 2016-10-07T19:43:05+08:00 ] /oa.php | NOTIC: [8192] preg_replace(): The /e modifier is deprecated, use preg_replace_callback instead ThinkTemplate.class.php 第 406 行.
[ 2016-10-07T19:43:05+08:00 ] /oa.php | NOTIC: [8192] preg_replace(): The /e modifier is deprecated, use preg_replace_callback instead ThinkTemplate.class.php 第 406 行.
[ 2016-10-07T19:43:05+08:00 ] /oa.php | NOTIC: [8192] preg_replace(): The /e modifier is deprecated, use preg_replace_callback instead ThinkTemplate.class.php 第 406 行.
[ 2016-10-07T19:43:05+08:00 ] /oa.php | NOTIC: [8192] preg_replace(): The /e modifier is deprecated, use preg_replace_callback instead ThinkTemplate.class.php 第 406 行.
[ 2016-10-07T19:43:05+08:00 ] /oa.php | NOTIC: [8192] preg_replace(): The /e modifier is deprecated, use preg_replace_callback instead ThinkTemplate.class.php 第 402 行.
[ 2016-10-07T19:43:05+08:00 ] /oa.php | NOTIC: [8192] preg_replace(): The /e modifier is deprecated, use preg_replace_callback instead ThinkTemplate.class.php 第 402 行.
[ 2016-10-07T19:43:05+08:00 ] /oa.php | NOTIC: [8192] preg_replace(): The /e modifier is deprecated, use preg_replace_callback instead ThinkTemplate.class.php 第 402 行.
[ 2016-10-07T19:43:05+08:00 ] /oa.php | NOTIC: [8192] preg_replace(): The /e modifier is deprecated, use preg_replace_callback instead ThinkTemplate.class.php 第 402 行.
[ 2016-10-07T19:43:05+08:00 ] /oa.php | NOTIC: [8192] preg_replace(): The /e modifier is deprecated, use preg_replace_callback instead ThinkTemplate.class.php 第 402 行.
[ 2016-10-07T19:43:05+08:00 ] /oa.php | NOTIC: [8192] preg_replace(): The /e modifier is deprecated, use preg_replace_callback instead ThinkTemplate.class.php 第 402 行.
[ 2016-10-07T19:43:05+08:00 ] /oa.php | NOTIC: [8192] preg_replace(): The /e modifier is deprecated, use preg_replace_callback instead ThinkTemplate.class.php 第 406 行.
[ 2016-10-07T19:43:05+08:00 ] /oa.php | NOTIC: [8192] preg_replace(): The /e modifier is deprecated, use preg_replace_callback instead ThinkTemplate.class.php 第 406 行.
[ 2016-10-07T19:43:05+08:00 ] /oa.php | NOTIC: [8192] preg_replace(): The /e modifier is deprecated, use preg_replace_callback instead ThinkTemplate.class.php 第 406 行.
[ 2016-10-07T19:43:05+08:00 ] /oa.php | NOTIC: [8192] preg_replace(): The /e modifier is deprecated, use preg_replace_callback instead ThinkTemplate.class.php 第 220 行.
[ 2016-10-07T19:43:05+08:00 ] /oa.php | NOTIC: [8192] preg_replace(): The /e modifier is deprecated, use preg_replace_callback instead ThinkTemplate.class.php 第 186 行.
[ 2016-10-07T19:43:05+08:00 ] /oa.php | NOTIC: [8192] preg_replace(): The /e modifier is deprecated, use preg_replace_callback instead ThinkTemplate.class.php 第 406 行.
[ 2016-10-07T19:43:05+08:00 ] /oa.php | NOTIC: [8192] preg_replace(): The /e modifier is deprecated, use preg_replace_callback instead ThinkTemplate.class.php 第 406 行.
[ 2016-10-07T19:43:05+08:00 ] /oa.php | NOTIC: [8192] preg_replace(): The /e modifier is deprecated, use preg_replace_callback instead ThinkTemplate.class.php 第 406 行.
[ 2016-10-07T19:43:05+08:00 ] /oa.php | NOTIC: [8192] preg_replace(): The /e modifier is deprecated, use preg_replace_callback instead ThinkTemplate.class.php 第 406 行.
[ 2016-10-07T19:43:05+08:00 ] /oa.php | NOTIC: [8192] preg_replace(): The /e modifier is deprecated, use preg_replace_callback instead ThinkTemplate.class.php 第 406 行.
[ 2016-10-07T19:43:05+08:00 ] /oa.php | NOTIC: [8192] preg_replace(): The /e modifier is deprecated, use preg_replace_callback instead ThinkTemplate.class.php 第 406 行.
[ 2016-10-07T19:43:05+08:00 ] /oa.php | NOTIC: [8192] preg_replace(): The /e modifier is deprecated, use preg_replace_callback instead ThinkTemplate.class.php 第 406 行.
[ 2016-10-07T19:43:05+08:00 ] /oa.php | NOTIC: [8192] preg_replace(): The /e modifier is deprecated, use preg_replace_callback instead ThinkTemplate.class.php 第 406 行.
[ 2016-10-07T19:43:05+08:00 ] /oa.php | NOTIC: [8192] preg_replace(): The /e modifier is deprecated, use preg_replace_callback instead ThinkTemplate.class.php 第 406 行.
[ 2016-10-07T19:43:05+08:00 ] /oa.php | NOTIC: [8192] preg_replace(): The /e modifier is deprecated, use preg_replace_callback instead ThinkTemplate.class.php 第 402 行.
[ 2016-10-07T19:43:05+08:00 ] /oa.php | NOTIC: [8192] preg_replace(): The /e modifier is deprecated, use preg_replace_callback instead ThinkTemplate.class.php 第 402 行.
[ 2016-10-07T19:43:05+08:00 ] /oa.php | NOTIC: [8192] preg_replace(): The /e modifier is deprecated, use preg_replace_callback instead ThinkTemplate.class.php 第 406 行.
[ 2016-10-07T19:43:05+08:00 ] /oa.php | NOTIC: [8192] preg_replace(): The /e modifier is deprecated, use preg_replace_callback instead ThinkTemplate.class.php 第 406 行.
[ 2016-10-07T19:43:05+08:00 ] /oa.php | NOTIC: [8192] preg_replace(): The /e modifier is deprecated, use preg_replace_callback instead ThinkTemplate.class.php 第 406 行.
[ 2016-10-07T19:43:05+08:00 ] /oa.php | NOTIC: [8192] preg_replace(): The /e modifier is deprecated, use preg_replace_callback instead ThinkTemplate.class.php 第 402 行.
[ 2016-10-07T19:43:05+08:00 ] /oa.php | NOTIC: [8192] preg_replace(): The /e modifier is deprecated, use preg_replace_callback instead ThinkTemplate.class.php 第 406 行.
[ 2016-10-07T19:43:05+08:00 ] /oa.php | NOTIC: [8192] preg_replace(): The /e modifier is deprecated, use preg_replace_callback instead ThinkTemplate.class.php 第 406 行.
[ 2016-10-07T19:43:05+08:00 ] /oa.php | NOTIC: [8192] preg_replace(): The /e modifier is deprecated, use preg_replace_callback instead ThinkTemplate.class.php 第 406 行.
[ 2016-10-07T19:43:05+08:00 ] /oa.php | NOTIC: [8192] preg_replace(): The /e modifier is deprecated, use preg_replace_callback instead ThinkTemplate.class.php 第 406 行.
[ 2016-10-07T19:43:05+08:00 ] /oa.php | NOTIC: [8192] preg_replace(): The /e modifier is deprecated, use preg_replace_callback instead ThinkTemplate.class.php 第 406 行.
[ 2016-10-07T19:43:05+08:00 ] /oa.php | NOTIC: [8192] preg_replace(): The /e modifier is deprecated, use preg_replace_callback instead ThinkTemplate.class.php 第 406 行.
[ 2016-10-07T19:43:05+08:00 ] /oa.php | NOTIC: [8192] preg_replace(): The /e modifier is deprecated, use preg_replace_callback instead ThinkTemplate.class.php 第 406 行.
[ 2016-10-07T19:43:05+08:00 ] /oa.php | NOTIC: [8192] preg_replace(): The /e modifier is deprecated, use preg_replace_callback instead ThinkTemplate.class.php 第 406 行.
[ 2016-10-07T19:43:05+08:00 ] /oa.php | NOTIC: [8192] preg_replace(): The /e modifier is deprecated, use preg_replace_callback instead ThinkTemplate.class.php 第 406 行.
[ 2016-10-07T19:43:05+08:00 ] /oa.php | NOTIC: [8192] preg_replace(): The /e modifier is deprecated, use preg_replace_callback instead ThinkTemplate.class.php 第 406 行.
[ 2016-10-07T19:43:05+08:00 ] /oa.php | NOTIC: [8192] preg_replace(): The /e modifier is deprecated, use preg_replace_callback instead ThinkTemplate.class.php 第 406 行.
[ 2016-10-07T19:43:05+08:00 ] /oa.php | NOTIC: [8192] preg_replace(): The /e modifier is deprecated, use preg_replace_callback instead ThinkTemplate.class.php 第 406 行.
[ 2016-10-07T19:43:05+08:00 ] /oa.php | NOTIC: [8192] preg_replace(): The /e modifier is deprecated, use preg_replace_callback instead ThinkTemplate.class.php 第 406 行.
[ 2016-10-07T19:43:05+08:00 ] /oa.php | NOTIC: [8192] preg_replace(): The /e modifier is deprecated, use preg_replace_callback instead ThinkTemplate.class.php 第 406 行.
[ 2016-10-07T19:43:05+08:00 ] /oa.php | NOTIC: [8192] preg_replace(): The /e modifier is deprecated, use preg_replace_callback instead ThinkTemplate.class.php 第 406 行.
[ 2016-10-07T19:43:05+08:00 ] /oa.php | NOTIC: [8192] preg_replace(): The /e modifier is deprecated, use preg_replace_callback instead ThinkTemplate.class.php 第 406 行.
[ 2016-10-07T19:43:05+08:00 ] /oa.php | NOTIC: [8192] preg_replace(): The /e modifier is deprecated, use preg_replace_callback instead ThinkTemplate.class.php 第 406 行.
[ 2016-10-07T19:43:05+08:00 ] /oa.php | NOTIC: [8192] preg_replace(): The /e modifier is deprecated, use preg_replace_callback instead ThinkTemplate.class.php 第 406 行.
[ 2016-10-07T19:43:05+08:00 ] /oa.php | NOTIC: [8192] preg_replace(): The /e modifier is deprecated, use preg_replace_callback instead ThinkTemplate.class.php 第 406 行.
[ 2016-10-07T19:43:05+08:00 ] /oa.php | NOTIC: [8192] preg_replace(): The /e modifier is deprecated, use preg_replace_callback instead ThinkTemplate.class.php 第 406 行.
[ 2016-10-07T19:43:05+08:00 ] /oa.php | NOTIC: [8192] preg_replace(): The /e modifier is deprecated, use preg_replace_callback instead ThinkTemplate.class.php 第 406 行.
[ 2016-10-07T19:43:05+08:00 ] /oa.php | NOTIC: [8192] preg_replace(): The /e modifier is deprecated, use preg_replace_callback instead ThinkTemplate.class.php 第 406 行.
[ 2016-10-07T19:43:05+08:00 ] /oa.php | NOTIC: [8192] preg_replace(): The /e modifier is deprecated, use preg_replace_callback instead ThinkTemplate.class.php 第 406 行.
[ 2016-10-07T19:43:05+08:00 ] /oa.php | NOTIC: [8192] preg_replace(): The /e modifier is deprecated, use preg_replace_callback instead ThinkTemplate.class.php 第 406 行.
[ 2016-10-07T19:43:05+08:00 ] /oa.php | NOTIC: [8192] preg_replace(): The /e modifier is deprecated, use preg_replace_callback instead ThinkTemplate.class.php 第 406 行.
[ 2016-10-07T19:43:05+08:00 ] /oa.php | NOTIC: [8192] preg_replace(): The /e modifier is deprecated, use preg_replace_callback instead ThinkTemplate.class.php 第 406 行.
[ 2016-10-07T19:43:05+08:00 ] /oa.php | NOTIC: [8192] preg_replace(): The /e modifier is deprecated, use preg_replace_callback instead ThinkTemplate.class.php 第 406 行.
[ 2016-10-07T19:43:05+08:00 ] /oa.php | NOTIC: [8192] preg_replace(): The /e modifier is deprecated, use preg_replace_callback instead ThinkTemplate.class.php 第 406 行.
[ 2016-10-07T19:43:05+08:00 ] /oa.php | NOTIC: [8192] preg_replace(): The /e modifier is deprecated, use preg_replace_callback instead ThinkTemplate.class.php 第 406 行.
[ 2016-10-07T19:43:05+08:00 ] /oa.php | NOTIC: [8192] preg_replace(): The /e modifier is deprecated, use preg_replace_callback instead ThinkTemplate.class.php 第 406 行.
[ 2016-10-07T19:43:05+08:00 ] /oa.php | NOTIC: [8192] preg_replace(): The /e modifier is deprecated, use preg_replace_callback instead ThinkTemplate.class.php 第 406 行.
[ 2016-10-07T19:43:05+08:00 ] /oa.php | NOTIC: [8192] preg_replace(): The /e modifier is deprecated, use preg_replace_callback instead ThinkTemplate.class.php 第 406 行.
[ 2016-10-07T19:43:05+08:00 ] /oa.php | NOTIC: [8192] preg_replace(): The /e modifier is deprecated, use preg_replace_callback instead ThinkTemplate.class.php 第 406 行.
[ 2016-10-07T19:43:05+08:00 ] /oa.php | NOTIC: [8192] preg_replace(): The /e modifier is deprecated, use preg_replace_callback instead ThinkTemplate.class.php 第 406 行.
[ 2016-10-07T19:43:05+08:00 ] /oa.php | NOTIC: [8192] preg_replace(): The /e modifier is deprecated, use preg_replace_callback instead ThinkTemplate.class.php 第 406 行.
[ 2016-10-07T19:43:05+08:00 ] /oa.php | NOTIC: [8192] preg_replace(): The /e modifier is deprecated, use preg_replace_callback instead ThinkTemplate.class.php 第 406 行.
[ 2016-10-07T19:43:05+08:00 ] /oa.php | NOTIC: [8192] preg_replace(): The /e modifier is deprecated, use preg_replace_callback instead ThinkTemplate.class.php 第 406 行.
[ 2016-10-07T19:43:05+08:00 ] /oa.php | NOTIC: [8192] preg_replace(): The /e modifier is deprecated, use preg_replace_callback instead ThinkTemplate.class.php 第 406 行.
[ 2016-10-07T19:43:05+08:00 ] /oa.php | NOTIC: [8192] preg_replace(): The /e modifier is deprecated, use preg_replace_callback instead ThinkTemplate.class.php 第 406 行.
[ 2016-10-07T19:43:05+08:00 ] /oa.php | NOTIC: [8192] preg_replace(): The /e modifier is deprecated, use preg_replace_callback instead ThinkTemplate.class.php 第 406 行.
[ 2016-10-07T19:43:05+08:00 ] /oa.php | NOTIC: [8192] preg_replace(): The /e modifier is deprecated, use preg_replace_callback instead ThinkTemplate.class.php 第 406 行.
[ 2016-10-07T19:43:05+08:00 ] /oa.php | NOTIC: [8192] preg_replace(): The /e modifier is deprecated, use preg_replace_callback instead ThinkTemplate.class.php 第 406 行.
[ 2016-10-07T19:43:05+08:00 ] /oa.php | NOTIC: [8192] preg_replace(): The /e modifier is deprecated, use preg_replace_callback instead ThinkTemplate.class.php 第 406 行.
[ 2016-10-07T19:43:05+08:00 ] /oa.php | NOTIC: [8192] preg_replace(): The /e modifier is deprecated, use preg_replace_callback instead ThinkTemplate.class.php 第 406 行.
[ 2016-10-07T19:43:05+08:00 ] /oa.php | NOTIC: [8192] preg_replace(): The /e modifier is deprecated, use preg_replace_callback instead ThinkTemplate.class.php 第 406 行.
[ 2016-10-07T19:43:05+08:00 ] /oa.php | NOTIC: [8192] preg_replace(): The /e modifier is deprecated, use preg_replace_callback instead ThinkTemplate.class.php 第 406 行.
[ 2016-10-07T19:43:05+08:00 ] /oa.php | NOTIC: [8192] preg_replace(): The /e modifier is deprecated, use preg_replace_callback instead ThinkTemplate.class.php 第 406 行.
[ 2016-10-07T19:43:05+08:00 ] /oa.php | NOTIC: [8192] preg_replace(): The /e modifier is deprecated, use preg_replace_callback instead ThinkTemplate.class.php 第 406 行.
[ 2016-10-07T19:43:05+08:00 ] /oa.php | NOTIC: [8192] preg_replace(): The /e modifier is deprecated, use preg_replace_callback instead ThinkTemplate.class.php 第 406 行.
[ 2016-10-07T19:43:05+08:00 ] /oa.php | NOTIC: [8192] preg_replace(): The /e modifier is deprecated, use preg_replace_callback instead ThinkTemplate.class.php 第 406 行.
[ 2016-10-07T19:43:05+08:00 ] /oa.php | NOTIC: [8192] preg_replace(): The /e modifier is deprecated, use preg_replace_callback instead ThinkTemplate.class.php 第 406 行.
[ 2016-10-07T19:43:05+08:00 ] /oa.php | NOTIC: [8192] preg_replace(): The /e modifier is deprecated, use preg_replace_callback instead ThinkTemplate.class.php 第 406 行.
[ 2016-10-07T19:43:05+08:00 ] /oa.php | NOTIC: [8192] preg_replace(): The /e modifier is deprecated, use preg_replace_callback instead ThinkTemplate.class.php 第 406 行.
[ 2016-10-07T19:43:05+08:00 ] /oa.php | NOTIC: [8192] preg_replace(): The /e modifier is deprecated, use preg_replace_callback instead ThinkTemplate.class.php 第 406 行.
[ 2016-10-07T19:43:05+08:00 ] /oa.php | NOTIC: [8192] preg_replace(): The /e modifier is deprecated, use preg_replace_callback instead ThinkTemplate.class.php 第 406 行.
[ 2016-10-07T19:43:05+08:00 ] /oa.php | NOTIC: [8192] preg_replace(): The /e modifier is deprecated, use preg_replace_callback instead ThinkTemplate.class.php 第 406 行.
[ 2016-10-07T19:43:05+08:00 ] /oa.php | NOTIC: [8192] preg_replace(): The /e modifier is deprecated, use preg_replace_callback instead ThinkTemplate.class.php 第 406 行.
[ 2016-10-07T19:43:05+08:00 ] /oa.php | NOTIC: [8192] preg_replace(): The /e modifier is deprecated, use preg_replace_callback instead ThinkTemplate.class.php 第 406 行.
[ 2016-10-07T19:43:05+08:00 ] /oa.php | NOTIC: [8192] preg_replace(): The /e modifier is deprecated, use preg_replace_callback instead ThinkTemplate.class.php 第 406 行.
[ 2016-10-07T19:43:05+08:00 ] /oa.php | NOTIC: [8192] preg_replace(): The /e modifier is deprecated, use preg_replace_callback instead ThinkTemplate.class.php 第 406 行.
[ 2016-10-07T19:43:05+08:00 ] /oa.php | NOTIC: [8192] preg_replace(): The /e modifier is deprecated, use preg_replace_callback instead ThinkTemplate.class.php 第 406 行.
[ 2016-10-07T19:43:05+08:00 ] /oa.php | NOTIC: [8192] preg_replace(): The /e modifier is deprecated, use preg_replace_callback instead ThinkTemplate.class.php 第 406 行.
[ 2016-10-07T19:43:05+08:00 ] /oa.php | NOTIC: [8192] preg_replace(): The /e modifier is deprecated, use preg_replace_callback instead ThinkTemplate.class.php 第 406 行.
[ 2016-10-07T19:43:05+08:00 ] /oa.php | NOTIC: [8192] preg_replace(): The /e modifier is deprecated, use preg_replace_callback instead ThinkTemplate.class.php 第 406 行.
[ 2016-10-07T19:43:05+08:00 ] /oa.php | NOTIC: [8192] preg_replace(): The /e modifier is deprecated, use preg_replace_callback instead ThinkTemplate.class.php 第 406 行.
[ 2016-10-07T19:43:05+08:00 ] /oa.php | NOTIC: [8192] preg_replace(): The /e modifier is deprecated, use preg_replace_callback instead ThinkTemplate.class.php 第 406 行.
[ 2016-10-07T19:43:05+08:00 ] /oa.php | NOTIC: [8192] preg_replace(): The /e modifier is deprecated, use preg_replace_callback instead ThinkTemplate.class.php 第 402 行.
[ 2016-10-07T19:43:05+08:00 ] /oa.php | NOTIC: [8192] preg_replace(): The /e modifier is deprecated, use preg_replace_callback instead ThinkTemplate.class.php 第 402 行.
[ 2016-10-07T19:43:05+08:00 ] /oa.php | NOTIC: [8192] preg_replace(): The /e modifier is deprecated, use preg_replace_callback instead ThinkTemplate.class.php 第 402 行.
[ 2016-10-07T19:43:05+08:00 ] /oa.php | NOTIC: [8192] preg_replace(): The /e modifier is deprecated, use preg_replace_callback instead ThinkTemplate.class.php 第 402 行.
[ 2016-10-07T19:43:05+08:00 ] /oa.php | NOTIC: [8192] preg_replace(): The /e modifier is deprecated, use preg_replace_callback instead ThinkTemplate.class.php 第 402 行.
[ 2016-10-07T19:43:05+08:00 ] /oa.php | NOTIC: [8192] preg_replace(): The /e modifier is deprecated, use preg_replace_callback instead ThinkTemplate.class.php 第 402 行.
[ 2016-10-07T19:43:05+08:00 ] /oa.php | NOTIC: [8192] preg_replace(): The /e modifier is deprecated, use preg_replace_callback instead ThinkTemplate.class.php 第 406 行.
[ 2016-10-07T19:43:05+08:00 ] /oa.php | NOTIC: [8192] preg_replace(): The /e modifier is deprecated, use preg_replace_callback instead ThinkTemplate.class.php 第 406 行.
[ 2016-10-07T19:43:05+08:00 ] /oa.php | NOTIC: [8192] preg_replace(): The /e modifier is deprecated, use preg_replace_callback instead ThinkTemplate.class.php 第 406 行.
[ 2016-10-07T19:43:05+08:00 ] /oa.php | NOTIC: [8192] preg_replace(): The /e modifier is deprecated, use preg_replace_callback instead ThinkTemplate.class.php 第 220 行.
[ 2016-10-07T19:43:05+08:00 ] /oa.php | NOTIC: [8192] preg_replace(): The /e modifier is deprecated, use preg_replace_callback instead ThinkTemplate.class.php 第 406 行.
[ 2016-10-07T19:43:05+08:00 ] /oa.php | NOTIC: [8192] preg_replace(): The /e modifier is deprecated, use preg_replace_callback instead ThinkTemplate.class.php 第 406 行.
[ 2016-10-07T19:43:05+08:00 ] /oa.php | NOTIC: [8192] preg_replace(): The /e modifier is deprecated, use preg_replace_callback instead ThinkTemplate.class.php 第 406 行.
[ 2016-10-07T19:43:05+08:00 ] /oa.php | NOTIC: [8192] preg_replace(): The /e modifier is deprecated, use preg_replace_callback instead ThinkTemplate.class.php 第 406 行.
[ 2016-10-07T19:43:05+08:00 ] /oa.php | NOTIC: [8192] preg_replace(): The /e modifier is deprecated, use preg_replace_callback instead ThinkTemplate.class.php 第 402 行.
[ 2016-10-07T19:43:05+08:00 ] /oa.php | NOTIC: [8192] preg_replace(): The /e modifier is deprecated, use preg_replace_callback instead ThinkTemplate.class.php 第 402 行.
[ 2016-10-07T19:43:05+08:00 ] /oa.php | NOTIC: [8192] preg_replace(): The /e modifier is deprecated, use preg_replace_callback instead ThinkTemplate.class.php 第 406 行.
[ 2016-10-07T19:43:05+08:00 ] /oa.php | NOTIC: [8192] preg_replace(): The /e modifier is deprecated, use preg_replace_callback instead ThinkTemplate.class.php 第 406 行.
[ 2016-10-07T19:43:05+08:00 ] /oa.php | NOTIC: [8192] preg_replace(): The /e modifier is deprecated, use preg_replace_callback instead ThinkTemplate.class.php 第 406 行.
[ 2016-10-07T19:43:05+08:00 ] /oa.php | NOTIC: [8192] preg_replace(): The /e modifier is deprecated, use preg_replace_callback instead ThinkTemplate.class.php 第 402 行.
[ 2016-10-07T19:43:05+08:00 ] /oa.php | NOTIC: [8192] preg_replace(): The /e modifier is deprecated, use preg_replace_callback instead ThinkTemplate.class.php 第 406 行.
[ 2016-10-07T19:43:05+08:00 ] /oa.php | NOTIC: [8192] preg_replace(): The /e modifier is deprecated, use preg_replace_callback instead ThinkTemplate.class.php 第 406 行.
[ 2016-10-07T19:43:05+08:00 ] /oa.php | NOTIC: [8192] preg_replace(): The /e modifier is deprecated, use preg_replace_callback instead ThinkTemplate.class.php 第 406 行.
[ 2016-10-07T19:43:05+08:00 ] /oa.php | NOTIC: [8192] preg_replace(): The /e modifier is deprecated, use preg_replace_callback instead ThinkTemplate.class.php 第 406 行.
[ 2016-10-07T19:43:05+08:00 ] /oa.php | NOTIC: [8192] preg_replace(): The /e modifier is deprecated, use preg_replace_callback instead ThinkTemplate.class.php 第 406 行.
[ 2016-10-07T19:43:05+08:00 ] /oa.php | NOTIC: [8192] preg_replace(): The /e modifier is deprecated, use preg_replace_callback instead ThinkTemplate.class.php 第 406 行.
[ 2016-10-07T19:43:05+08:00 ] /oa.php | NOTIC: [8192] preg_replace(): The /e modifier is deprecated, use preg_replace_callback instead ThinkTemplate.class.php 第 406 行.
[ 2016-10-07T19:43:05+08:00 ] /oa.php | NOTIC: [8192] preg_replace(): The /e modifier is deprecated, use preg_replace_callback instead ThinkTemplate.class.php 第 406 行.
[ 2016-10-07T19:43:05+08:00 ] /oa.php | NOTIC: [8192] preg_replace(): The /e modifier is deprecated, use preg_replace_callback instead ThinkTemplate.class.php 第 406 行.
[ 2016-10-07T19:43:05+08:00 ] /oa.php | NOTIC: [8192] preg_replace(): The /e modifier is deprecated, use preg_replace_callback instead ThinkTemplate.class.php 第 406 行.
[ 2016-10-07T19:43:05+08:00 ] /oa.php | NOTIC: [8192] preg_replace(): The /e modifier is deprecated, use preg_replace_callback instead ThinkTemplate.class.php 第 406 行.
[ 2016-10-07T19:43:05+08:00 ] /oa.php | NOTIC: [8192] preg_replace(): The /e modifier is deprecated, use preg_replace_callback instead ThinkTemplate.class.php 第 406 行.
[ 2016-10-07T19:43:05+08:00 ] /oa.php | NOTIC: [8192] preg_replace(): The /e modifier is deprecated, use preg_replace_callback instead ThinkTemplate.class.php 第 406 行.
[ 2016-10-07T19:43:05+08:00 ] /oa.php | NOTIC: [8192] preg_replace(): The /e modifier is deprecated, use preg_replace_callback instead ThinkTemplate.class.php 第 406 行.
[ 2016-10-07T19:43:05+08:00 ] /oa.php | NOTIC: [8192] preg_replace(): The /e modifier is deprecated, use preg_replace_callback instead ThinkTemplate.class.php 第 406 行.
[ 2016-10-07T19:43:05+08:00 ] /oa.php | NOTIC: [8192] preg_replace(): The /e modifier is deprecated, use preg_replace_callback instead ThinkTemplate.class.php 第 406 行.
[ 2016-10-07T19:43:05+08:00 ] /oa.php | NOTIC: [8192] preg_replace(): The /e modifier is deprecated, use preg_replace_callback instead ThinkTemplate.class.php 第 406 行.
[ 2016-10-07T19:43:05+08:00 ] /oa.php | NOTIC: [8192] preg_replace(): The /e modifier is deprecated, use preg_replace_callback instead ThinkTemplate.class.php 第 406 行.
[ 2016-10-07T19:43:05+08:00 ] /oa.php | NOTIC: [8192] preg_replace(): The /e modifier is deprecated, use preg_replace_callback instead ThinkTemplate.class.php 第 406 行.
[ 2016-10-07T19:43:05+08:00 ] /oa.php | NOTIC: [8192] preg_replace(): The /e modifier is deprecated, use preg_replace_callback instead ThinkTemplate.class.php 第 406 行.
[ 2016-10-07T19:43:05+08:00 ] /oa.php | NOTIC: [8192] preg_replace(): The /e modifier is deprecated, use preg_replace_callback instead ThinkTemplate.class.php 第 406 行.
[ 2016-10-07T19:43:05+08:00 ] /oa.php | NOTIC: [8192] preg_replace(): The /e modifier is deprecated, use preg_replace_callback instead ThinkTemplate.class.php 第 406 行.
[ 2016-10-07T19:43:05+08:00 ] /oa.php | NOTIC: [8192] preg_replace(): The /e modifier is deprecated, use preg_replace_callback instead ThinkTemplate.class.php 第 406 行.
[ 2016-10-07T19:43:05+08:00 ] /oa.php | NOTIC: [8192] preg_replace(): The /e modifier is deprecated, use preg_replace_callback instead ThinkTemplate.class.php 第 406 行.
[ 2016-10-07T19:43:05+08:00 ] /oa.php | NOTIC: [8192] preg_replace(): The /e modifier is deprecated, use preg_replace_callback instead ThinkTemplate.class.php 第 406 行.
[ 2016-10-07T19:43:05+08:00 ] /oa.php | NOTIC: [8192] preg_replace(): The /e modifier is deprecated, use preg_replace_callback instead ThinkTemplate.class.php 第 406 行.
[ 2016-10-07T19:43:05+08:00 ] /oa.php | NOTIC: [8192] preg_replace(): The /e modifier is deprecated, use preg_replace_callback instead ThinkTemplate.class.php 第 406 行.
[ 2016-10-07T19:43:05+08:00 ] /oa.php | NOTIC: [8192] preg_replace(): The /e modifier is deprecated, use preg_replace_callback instead ThinkTemplate.class.php 第 406 行.
[ 2016-10-07T19:43:05+08:00 ] /oa.php | NOTIC: [8192] preg_replace(): The /e modifier is deprecated, use preg_replace_callback instead ThinkTemplate.class.php 第 406 行.
[ 2016-10-07T19:43:05+08:00 ] /oa.php | NOTIC: [8192] preg_replace(): The /e modifier is deprecated, use preg_replace_callback instead ThinkTemplate.class.php 第 406 行.
[ 2016-10-07T19:43:05+08:00 ] /oa.php | NOTIC: [8192] preg_replace(): The /e modifier is deprecated, use preg_replace_callback instead ThinkTemplate.class.php 第 406 行.
[ 2016-10-07T19:43:05+08:00 ] /oa.php | NOTIC: [8192] preg_replace(): The /e modifier is deprecated, use preg_replace_callback instead ThinkTemplate.class.php 第 406 行.
[ 2016-10-07T19:43:05+08:00 ] /oa.php | NOTIC: [8192] preg_replace(): The /e modifier is deprecated, use preg_replace_callback instead ThinkTemplate.class.php 第 406 行.
[ 2016-10-07T19:43:05+08:00 ] /oa.php | NOTIC: [8192] preg_replace(): The /e modifier is deprecated, use preg_replace_callback instead ThinkTemplate.class.php 第 406 行.
[ 2016-10-07T19:43:05+08:00 ] /oa.php | NOTIC: [8192] preg_replace(): The /e modifier is deprecated, use preg_replace_callback instead ThinkTemplate.class.php 第 406 行.
[ 2016-10-07T19:43:05+08:00 ] /oa.php | NOTIC: [8192] preg_replace(): The /e modifier is deprecated, use preg_replace_callback instead ThinkTemplate.class.php 第 406 行.
[ 2016-10-07T19:43:05+08:00 ] /oa.php | NOTIC: [8192] preg_replace(): The /e modifier is deprecated, use preg_replace_callback instead ThinkTemplate.class.php 第 406 行.
[ 2016-10-07T19:43:05+08:00 ] /oa.php | NOTIC: [8192] preg_replace(): The /e modifier is deprecated, use preg_replace_callback instead ThinkTemplate.class.php 第 406 行.
[ 2016-10-07T19:43:05+08:00 ] /oa.php | NOTIC: [8192] preg_replace(): The /e modifier is deprecated, use preg_replace_callback instead ThinkTemplate.class.php 第 406 行.
[ 2016-10-07T19:43:05+08:00 ] /oa.php | NOTIC: [8192] preg_replace(): The /e modifier is deprecated, use preg_replace_callback instead ThinkTemplate.class.php 第 406 行.
[ 2016-10-07T19:43:05+08:00 ] /oa.php | NOTIC: [8192] preg_replace(): The /e modifier is deprecated, use preg_replace_callback instead ThinkTemplate.class.php 第 406 行.
[ 2016-10-07T19:43:05+08:00 ] /oa.php | NOTIC: [8192] preg_replace(): The /e modifier is deprecated, use preg_replace_callback instead ThinkTemplate.class.php 第 406 行.
[ 2016-10-07T19:43:05+08:00 ] /oa.php | NOTIC: [8192] preg_replace(): The /e modifier is deprecated, use preg_replace_callback instead ThinkTemplate.class.php 第 406 行.
[ 2016-10-07T19:43:05+08:00 ] /oa.php | NOTIC: [8192] preg_replace(): The /e modifier is deprecated, use preg_replace_callback instead ThinkTemplate.class.php 第 406 行.
[ 2016-10-07T19:43:05+08:00 ] /oa.php | NOTIC: [8192] preg_replace(): The /e modifier is deprecated, use preg_replace_callback instead ThinkTemplate.class.php 第 406 行.
[ 2016-10-07T19:43:05+08:00 ] /oa.php | NOTIC: [8192] preg_replace(): The /e modifier is deprecated, use preg_replace_callback instead ThinkTemplate.class.php 第 406 行.
[ 2016-10-07T19:43:05+08:00 ] /oa.php | NOTIC: [8192] preg_replace(): The /e modifier is deprecated, use preg_replace_callback instead ThinkTemplate.class.php 第 406 行.
[ 2016-10-07T19:43:05+08:00 ] /oa.php | NOTIC: [8192] preg_replace(): The /e modifier is deprecated, use preg_replace_callback instead ThinkTemplate.class.php 第 406 行.
[ 2016-10-07T19:43:05+08:00 ] /oa.php | NOTIC: [8192] preg_replace(): The /e modifier is deprecated, use preg_replace_callback instead ThinkTemplate.class.php 第 406 行.
[ 2016-10-07T19:43:05+08:00 ] /oa.php | NOTIC: [8192] preg_replace(): The /e modifier is deprecated, use preg_replace_callback instead ThinkTemplate.class.php 第 406 行.
[ 2016-10-07T19:43:05+08:00 ] /oa.php | NOTIC: [8192] preg_replace(): The /e modifier is deprecated, use preg_replace_callback instead ThinkTemplate.class.php 第 406 行.
[ 2016-10-07T19:43:05+08:00 ] /oa.php | NOTIC: [8192] preg_replace(): The /e modifier is deprecated, use preg_replace_callback instead ThinkTemplate.class.php 第 406 行.
[ 2016-10-07T19:43:05+08:00 ] /oa.php | NOTIC: [8192] preg_replace(): The /e modifier is deprecated, use preg_replace_callback instead ThinkTemplate.class.php 第 406 行.
[ 2016-10-07T19:43:05+08:00 ] /oa.php | NOTIC: [8192] preg_replace(): The /e modifier is deprecated, use preg_replace_callback instead ThinkTemplate.class.php 第 406 行.
[ 2016-10-07T19:43:05+08:00 ] /oa.php | NOTIC: [8192] preg_replace(): The /e modifier is deprecated, use preg_replace_callback instead ThinkTemplate.class.php 第 406 行.
[ 2016-10-07T19:43:05+08:00 ] /oa.php | NOTIC: [8192] preg_replace(): The /e modifier is deprecated, use preg_replace_callback instead ThinkTemplate.class.php 第 406 行.
[ 2016-10-07T19:43:05+08:00 ] /oa.php | NOTIC: [8192] preg_replace(): The /e modifier is deprecated, use preg_replace_callback instead ThinkTemplate.class.php 第 406 行.
[ 2016-10-07T19:43:05+08:00 ] /oa.php | NOTIC: [8192] preg_replace(): The /e modifier is deprecated, use preg_replace_callback instead ThinkTemplate.class.php 第 406 行.
[ 2016-10-07T19:43:05+08:00 ] /oa.php | NOTIC: [8192] preg_replace(): The /e modifier is deprecated, use preg_replace_callback instead ThinkTemplate.class.php 第 406 行.
[ 2016-10-07T19:43:05+08:00 ] /oa.php | NOTIC: [8192] preg_replace(): The /e modifier is deprecated, use preg_replace_callback instead ThinkTemplate.class.php 第 406 行.
[ 2016-10-07T19:43:05+08:00 ] /oa.php | NOTIC: [8192] preg_replace(): The /e modifier is deprecated, use preg_replace_callback instead ThinkTemplate.class.php 第 406 行.
[ 2016-10-07T19:43:05+08:00 ] /oa.php | NOTIC: [8192] preg_replace(): The /e modifier is deprecated, use preg_replace_callback instead ThinkTemplate.class.php 第 406 行.
[ 2016-10-07T19:43:05+08:00 ] /oa.php | NOTIC: [8192] preg_replace(): The /e modifier is deprecated, use preg_replace_callback instead ThinkTemplate.class.php 第 406 行.
[ 2016-10-07T19:43:05+08:00 ] /oa.php | NOTIC: [8192] preg_replace(): The /e modifier is deprecated, use preg_replace_callback instead ThinkTemplate.class.php 第 406 行.
[ 2016-10-07T19:43:05+08:00 ] /oa.php | NOTIC: [8192] preg_replace(): The /e modifier is deprecated, use preg_replace_callback instead ThinkTemplate.class.php 第 406 行.
[ 2016-10-07T19:43:05+08:00 ] /oa.php | NOTIC: [8192] preg_replace(): The /e modifier is deprecated, use preg_replace_callback instead ThinkTemplate.class.php 第 406 行.
[ 2016-10-07T19:43:05+08:00 ] /oa.php | NOTIC: [8192] preg_replace(): The /e modifier is deprecated, use preg_replace_callback instead ThinkTemplate.class.php 第 402 行.
[ 2016-10-07T19:43:05+08:00 ] /oa.php | NOTIC: [8192] preg_replace(): The /e modifier is deprecated, use preg_replace_callback instead ThinkTemplate.class.php 第 402 行.
[ 2016-10-07T19:43:05+08:00 ] /oa.php | NOTIC: [8192] preg_replace(): The /e modifier is deprecated, use preg_replace_callback instead ThinkTemplate.class.php 第 402 行.
[ 2016-10-07T19:43:05+08:00 ] /oa.php | NOTIC: [8192] preg_replace(): The /e modifier is deprecated, use preg_replace_callback instead ThinkTemplate.class.php 第 402 行.
[ 2016-10-07T19:43:05+08:00 ] /oa.php | NOTIC: [8192] preg_replace(): The /e modifier is deprecated, use preg_replace_callback instead ThinkTemplate.class.php 第 402 行.
[ 2016-10-07T19:43:05+08:00 ] /oa.php | NOTIC: [8192] preg_replace(): The /e modifier is deprecated, use preg_replace_callback instead ThinkTemplate.class.php 第 402 行.
[ 2016-10-07T19:43:05+08:00 ] /oa.php | NOTIC: [8192] preg_replace(): The /e modifier is deprecated, use preg_replace_callback instead ThinkTemplate.class.php 第 406 行.
[ 2016-10-07T19:43:05+08:00 ] /oa.php | NOTIC: [8192] preg_replace(): The /e modifier is deprecated, use preg_replace_callback instead ThinkTemplate.class.php 第 406 行.
[ 2016-10-07T19:43:05+08:00 ] /oa.php | NOTIC: [8192] preg_replace(): The /e modifier is deprecated, use preg_replace_callback instead ThinkTemplate.class.php 第 406 行.
[ 2016-10-07T19:43:05+08:00 ] /oa.php | NOTIC: [8192] preg_replace(): The /e modifier is deprecated, use preg_replace_callback instead ThinkTemplate.class.php 第 220 行.
[ 2016-10-07T19:43:05+08:00 ] /oa.php | NOTIC: [8192] preg_replace(): The /e modifier is deprecated, use preg_replace_callback instead ThinkTemplate.class.php 第 154 行.
[ 2016-10-07T19:43:05+08:00 ] /oa.php | NOTIC: [8] Undefined variable: msg aef8537678e026e27eb3bb80ec376aae.php 第 19 行.
[ 2016-10-07T19:43:05+08:00 ] /oa.php | NOTIC: [8] Undefined index: two_level_nav aef8537678e026e27eb3bb80ec376aae.php 第 82 行.
[ 2016-10-07T19:43:05+08:00 ] /oa.php | NOTIC: [8] Undefined offset: 1 aef8537678e026e27eb3bb80ec376aae.php 第 170 行.
[ 2016-10-07T19:43:05+08:00 ] /oa.php | NOTIC: [8] Undefined offset: 2 aef8537678e026e27eb3bb80ec376aae.php 第 171 行.
[ 2016-10-07T19:43:05+08:00 ] /oa.php | NOTIC: [8] Undefined offset: 3 aef8537678e026e27eb3bb80ec376aae.php 第 172 行.
[ 2016-10-07T19:43:05+08:00 ] /oa.php | NOTIC: [8] Undefined offset: 4 aef8537678e026e27eb3bb80ec376aae.php 第 173 行.
[ 2016-10-07T19:43:05+08:00 ] /oa.php | NOTIC: [8] Undefined offset: 1 aef8537678e026e27eb3bb80ec376aae.php 第 178 行.
[ 2016-10-07T19:43:05+08:00 ] /oa.php | NOTIC: [8] Undefined offset: 2 aef8537678e026e27eb3bb80ec376aae.php 第 179 行.
[ 2016-10-07T19:43:05+08:00 ] /oa.php | NOTIC: [8] Undefined offset: 3 aef8537678e026e27eb3bb80ec376aae.php 第 180 行.
[ 2016-10-07T19:43:05+08:00 ] /oa.php | NOTIC: [8] Undefined offset: 4 aef8537678e026e27eb3bb80ec376aae.php 第 181 行.
[ 2016-10-07T19:43:05+08:00 ] /oa.php | NOTIC: [8] Undefined offset: 1 aef8537678e026e27eb3bb80ec376aae.php 第 186 行.
[ 2016-10-07T19:43:05+08:00 ] /oa.php | NOTIC: [8] Undefined offset: 2 aef8537678e026e27eb3bb80ec376aae.php 第 187 行.
[ 2016-10-07T19:43:05+08:00 ] /oa.php | NOTIC: [8] Undefined offset: 3 aef8537678e026e27eb3bb80ec376aae.php 第 188 行.
[ 2016-10-07T19:43:05+08:00 ] /oa.php | NOTIC: [8] Undefined offset: 4 aef8537678e026e27eb3bb80ec376aae.php 第 189 行.
[ 2016-10-07T19:43:05+08:00 ] /oa.php | NOTIC: [8] Undefined offset: 1 aef8537678e026e27eb3bb80ec376aae.php 第 194 行.
[ 2016-10-07T19:43:05+08:00 ] /oa.php | NOTIC: [8] Undefined offset: 2 aef8537678e026e27eb3bb80ec376aae.php 第 195 行.
[ 2016-10-07T19:43:05+08:00 ] /oa.php | NOTIC: [8] Undefined offset: 3 aef8537678e026e27eb3bb80ec376aae.php 第 196 行.
[ 2016-10-07T19:43:05+08:00 ] /oa.php | NOTIC: [8] Undefined offset: 4 aef8537678e026e27eb3bb80ec376aae.php 第 197 行.
[ 2016-10-07T19:43:05+08:00 ] /oa.php | NOTIC: [8] Undefined offset: 1 aef8537678e026e27eb3bb80ec376aae.php 第 202 行.
[ 2016-10-07T19:43:05+08:00 ] /oa.php | NOTIC: [8] Undefined offset: 2 aef8537678e026e27eb3bb80ec376aae.php 第 203 行.
[ 2016-10-07T19:43:05+08:00 ] /oa.php | NOTIC: [8] Undefined offset: 3 aef8537678e026e27eb3bb80ec376aae.php 第 204 行.
[ 2016-10-07T19:43:05+08:00 ] /oa.php | NOTIC: [8] Undefined offset: 4 aef8537678e026e27eb3bb80ec376aae.php 第 205 行.
[ 2016-10-07T19:43:05+08:00 ] /oa.php | INFO: Run ParseTemplate Behavior [ RunTime:0.025706s ]
[ 2016-10-07T19:43:05+08:00 ] /oa.php | INFO: Tag[ view_parse ] --END-- [ RunTime:0.025739s ]
[ 2016-10-07T19:43:05+08:00 ] /oa.php | INFO: Tag[ view_filter ] --START--
[ 2016-10-07T19:43:05+08:00 ] /oa.php | INFO: Run ContentReplace Behavior [ RunTime:0.000106s ]
[ 2016-10-07T19:43:05+08:00 ] /oa.php | INFO: Run TokenBuild Behavior [ RunTime:0.000090s ]
[ 2016-10-07T19:43:05+08:00 ] /oa.php | INFO: Run WriteHtmlCache Behavior [ RunTime:0.000025s ]
[ 2016-10-07T19:43:05+08:00 ] /oa.php | INFO: Run ShowRuntime Behavior [ RunTime:0.000058s ]
[ 2016-10-07T19:43:05+08:00 ] /oa.php | INFO: Tag[ view_filter ] --END-- [ RunTime:0.000334s ]
[ 2016-10-07T19:43:05+08:00 ] /oa.php | INFO: Tag[ view_end ] --START--
[ 2016-10-07T19:43:05+08:00 ] /oa.php | INFO: Run ShowPageTrace Behavior [ RunTime:0.000037s ]
[ 2016-10-07T19:43:05+08:00 ] /oa.php | INFO: Tag[ view_end ] --END-- [ RunTime:0.000063s ]
